<?xml version="1.0" encoding="UTF-8"?>
<testsuite name="com.spazoodle.guardian.domain.usecase.ComputeSchedulePlanUseCaseTest" tests="2" skipped="0" failures="0" errors="0" timestamp="2026-02-13T18:27:17" hostname="kali" time="0.071">
  <properties/>
  <testcase name="computesMainAndPreAlertsInChronologicalOrder" classname="com.spazoodle.guardian.domain.usecase.ComputeSchedulePlanUseCaseTest" time="0.068"/>
  <testcase name="skipsPreAlertsThatAreAlreadyInPast" classname="com.spazoodle.guardian.domain.usecase.ComputeSchedulePlanUseCaseTest" time="0.001"/>
  <system-out><![CDATA[]]></system-out>
  <system-err><![CDATA[]]></system-err>
</testsuite>
